17:55:57.144 [main] DEBUG n.f.i.model.TimeZoneRegistryImpl - Error loading custom timezone aliases: null
17:55:57.206 [main] DEBUG n.f.ical4j.data.CalendarParserImpl - [-3]
17:55:57.206 [main] DEBUG n.f.ical4j.data.CalendarParserImpl - [BEGIN]
17:55:57.206 [main] DEBUG n.f.ical4j.data.CalendarParserImpl - [58]
17:55:57.206 [main] DEBUG n.f.ical4j.data.CalendarParserImpl - [-3]
17:55:57.206 [main] DEBUG n.f.ical4j.data.CalendarParserImpl - [VCALENDAR]
17:55:57.206 [main] DEBUG n.f.ical4j.data.CalendarParserImpl - [10]
17:55:57.222 [main] DEBUG n.f.ical4j.data.CalendarParserImpl - [-3]
17:55:57.222 [main] DEBUG n.f.ical4j.data.CalendarParserImpl - Property [VERSION]
17:55:57.315 [main] DEBUG n.f.ical4j.data.CalendarParserImpl - [58]
17:55:57.315 [main] DEBUG n.f.ical4j.data.CalendarParserImpl - [-3]
17:55:57.336 [main] DEBUG n.f.ical4j.data.CalendarParserImpl - [10]
17:55:57.336 [main] DEBUG n.f.ical4j.data.CalendarParserImpl - [-3]
17:55:57.336 [main] DEBUG n.f.ical4j.data.CalendarParserImpl - Property [URL]
17:55:57.338 [main] DEBUG n.f.ical4j.data.CalendarParserImpl - Property [SUMMARY]
17:55:57.340 [main] DEBUG n.f.ical4j.data.CalendarParserImpl - Property [X-DTSTART]
17:55:57.342 [main] DEBUG n.f.ical4j.data.CalendarParserImpl - Property [X-DTEND]
17:55:57.342 [main] DEBUG n.f.ical4j.data.CalendarParserImpl - Property [X-FEE]
17:55:57.343 [main] DEBUG n.f.ical4j.data.CalendarParserImpl - Property [X-COUNTRY]
17:55:57.343 [main] DEBUG n.f.ical4j.data.CalendarParserImpl - Property [X-CITY]
17:55:57.343 [main] DEBUG n.f.ical4j.data.CalendarParserImpl - [58]
17:55:57.344 [main] DEBUG n.f.ical4j.data.CalendarParserImpl - [-3]
17:55:57.344 [main] DEBUG n.f.ical4j.data.CalendarParserImpl - [X-CONFERENCE]
17:55:57.344 [main] DEBUG n.f.ical4j.data.CalendarParserImpl - [10]
17:55:57.344 [main] DEBUG n.f.ical4j.data.CalendarParserImpl - [58]
17:55:57.344 [main] DEBUG n.f.ical4j.data.CalendarParserImpl - [-3]
17:55:57.344 [main] DEBUG n.f.ical4j.data.CalendarParserImpl - [10]
17:55:57.345 [main] DEBUG n.f.ical4j.data.CalendarParserImpl - [-3]
17:55:57.345 [main] DEBUG n.f.ical4j.data.CalendarParserImpl - Property [URL]
17:55:57.345 [main] DEBUG n.f.ical4j.data.CalendarParserImpl - Property [SUMMARY]
17:55:57.346 [main] DEBUG n.f.ical4j.data.CalendarParserImpl - Property [X-DTSTART]
17:55:57.346 [main] DEBUG n.f.ical4j.data.CalendarParserImpl - Property [X-DTEND]
17:55:57.347 [main] DEBUG n.f.ical4j.data.CalendarParserImpl - Property [X-FEE]
17:55:57.347 [main] DEBUG n.f.ical4j.data.CalendarParserImpl - Property [X-COUNTRY]
17:55:57.348 [main] DEBUG n.f.ical4j.data.CalendarParserImpl - Property [X-CITY]
17:55:57.348 [main] DEBUG n.f.ical4j.data.CalendarParserImpl - [58]
17:55:57.348 [main] DEBUG n.f.ical4j.data.CalendarParserImpl - [-3]
17:55:57.348 [main] DEBUG n.f.ical4j.data.CalendarParserImpl - [X-CONFERENCE]
17:55:57.348 [main] DEBUG n.f.ical4j.data.CalendarParserImpl - [10]
17:55:57.349 [main] DEBUG n.f.ical4j.data.CalendarParserImpl - [58]
17:55:57.349 [main] DEBUG n.f.ical4j.data.CalendarParserImpl - [-3]
17:55:57.349 [main] DEBUG n.f.ical4j.data.CalendarParserImpl - [10]
17:55:57.349 [main] DEBUG n.f.ical4j.data.CalendarParserImpl - [-3]
17:55:57.349 [main] DEBUG n.f.ical4j.data.CalendarParserImpl - Property [URL]
17:55:57.350 [main] DEBUG n.f.ical4j.data.CalendarParserImpl - Property [SUMMARY]
17:55:57.350 [main] DEBUG n.f.ical4j.data.CalendarParserImpl - Property [X-DTSTART]
17:55:57.350 [main] DEBUG n.f.ical4j.data.CalendarParserImpl - Property [X-DTEND]
17:55:57.350 [main] DEBUG n.f.ical4j.data.CalendarParserImpl - Property [X-FEE]
17:55:57.351 [main] DEBUG n.f.ical4j.data.CalendarParserImpl - Property [X-COUNTRY]
17:55:57.351 [main] DEBUG n.f.ical4j.data.CalendarParserImpl - Property [X-CITY]
17:55:57.351 [main] DEBUG n.f.ical4j.data.CalendarParserImpl - [58]
17:55:57.351 [main] DEBUG n.f.ical4j.data.CalendarParserImpl - [-3]
17:55:57.351 [main] DEBUG n.f.ical4j.data.CalendarParserImpl - [X-CONFERENCE]
17:55:57.352 [main] DEBUG n.f.ical4j.data.CalendarParserImpl - [10]
17:55:57.352 [main] DEBUG n.f.ical4j.data.CalendarParserImpl - [58]
17:55:57.352 [main] DEBUG n.f.ical4j.data.CalendarParserImpl - [-3]
17:55:57.352 [main] DEBUG n.f.ical4j.data.CalendarParserImpl - [VCALENDAR]
